<beans xmlns="http://www.springframework.org/schema/beans"
       xmlns:xsi="http://www.w3.org/2001/XMLSchema-instance"
       xmlns:mongo="http://www.springframework.org/schema/data/mongo"
       xmlns:context="http://www.springframework.org/schema/context"
       xsi:schemaLocation=
        "http://www.springframework.org/schema/data/mongo
        http://www.springframework.org/schema/data/mongo/spring-mongo.xsd
        http://www.springframework.org/schema/beans
        http://www.springframework.org/schema/beans/spring-beans-4.0.xsd
        http://www.springframework.org/schema/context
        http://www.springframework.org/schema/context/spring-context-4.0.xsd"
       >
    <context:component-scan base-package="com.viastore.db"/>

    <bean id="mongoTemplate" class="org.springframework.data.mongodb.core.MongoTemplate">
        <constructor-arg name="mongoDbFactory" ref="mongoDbFactory"/>
    </bean>
    <bean class="org.springframework.dao.annotation.PersistenceExceptionTranslationPostProcessor"/>

    <bean id="configProperties" class="org.springframework.beans.factory.config.PropertyPlaceholderConfigurer">
        <property name="locations">
            <list>
                <value>classpath*:db.properties</value>
                <value>classpath*:mail.properties</value>
            </list>
        </property>
    </bean>

    <bean name="fongo" class="com.github.fakemongo.Fongo">
        <constructor-arg value="InMemoryMongo" />
    </bean>

    <bean id="mongoDb" factory-bean="fongo" factory-method="getMongo" />

    <mongo:repositories base-package="com.viastore.db.repositories" repository-impl-postfix="CustomImpl"/>

    <mongo:db-factory id="mongoDbFactory"
                      dbname="${mongo.collection}"
                      mongo-ref="mongoDb"/>
</beans>